<?xml version="1.0" encoding="UTF-8"?>
<testng-results ignored="0" total="1" passed="1" failed="0" skipped="0">
  <reporter-output>
  </reporter-output>
  <suite started-at="2024-08-13T08:19:30 IST" name="Default suite" finished-at="2024-08-13T08:19:31 IST" duration-ms="495">
    <groups>
    </groups>
    <test started-at="2024-08-13T08:19:30 IST" name="Default test" finished-at="2024-08-13T08:19:31 IST" duration-ms="495">
      <class name="SumValidation">
        <test-method signature="sumOfCourse()[pri:0, instance:SumValidation@2c1b194a]" started-at="2024-08-13T08:19:30 IST" name="sumOfCourse" finished-at="2024-08-13T08:19:31 IST" duration-ms="480" status="PASS">
          <reporter-output>
          </reporter-output>
        </test-method> <!-- sumOfCourse -->
      </class> <!-- SumValidation -->
    </test> <!-- Default test -->
  </suite> <!-- Default suite -->
</testng-results>
